  Compiling CUDA source file virtual_memory.cu...
  
  E:\CSC3150_Ass3\CUDA 11.1 Runtime1>"C:\Program Files\NVIDIA GPU Computing Toolkit\CUDA\v11.1\bin\nvcc.exe" -gencode=arch=compute_52,code=\"sm_52,compute_52\" --use-local-env -ccbin "D:\Program Files (x86)\Microsoft Visual Studio\2019\Community\VC\Tools\MSVC\14.29.30133\bin\HostX86\x64" -x cu -rdc=true  -I"C:\Program Files\NVIDIA GPU Computing Toolkit\CUDA\v11.1\include" -I"C:\Program Files\NVIDIA GPU Computing Toolkit\CUDA\v11.1\include"  -G   --keep-dir x64\Debug -maxrregcount=0  --machine 64 --compile -cudart static  -g   -DWIN32 -DWIN64 -D_DEBUG -D_CONSOLE -D_MBCS -Xcompiler "/EHsc /W3 /nologo /Od /Fdx64\Debug\vc142.pdb /FS /Zi /RTC1 /MDd " -o x64\Debug\virtual_memory.cu.obj "E:\CSC3150_Ass3\CUDA 11.1 Runtime1\virtual_memory.cu" 
  virtual_memory.cu
  
  E:\CSC3150_Ass3\CUDA 11.1 Runtime1>"C:\Program Files\NVIDIA GPU Computing Toolkit\CUDA\v11.1\bin\nvcc.exe" -dlink -o "x64\Debug\CUDA 11.1 Runtime1.device-link.obj" -Xcompiler "/EHsc /W3 /nologo /Od /Fdx64\Debug\vc142.pdb /Zi /RTC1 /MDd " -L"C:\Program Files\NVIDIA GPU Computing Toolkit\CUDA\v11.1\bin/crt" -L"C:\Program Files\NVIDIA GPU Computing Toolkit\CUDA\v11.1\lib\x64" cudart_static.lib kernel32.lib user32.lib gdi32.lib winspool.lib comdlg32.lib advapi32.lib shell32.lib ole32.lib oleaut32.lib uuid.lib odbc32.lib odbccp32.lib cudart.lib cudadevrt.lib  -gencode=arch=compute_52,code=sm_52 -G --machine 64 x64\Debug\main.cu.obj x64\Debug\user_program.cu.obj x64\Debug\virtual_memory.cu.obj 
  cudart_static.lib
  kernel32.lib
  user32.lib
  gdi32.lib
  winspool.lib
  comdlg32.lib
  advapi32.lib
  shell32.lib
  ole32.lib
  oleaut32.lib
  uuid.lib
  odbc32.lib
  odbccp32.lib
  cudart.lib
  cudadevrt.lib
  main.cu.obj
  user_program.cu.obj
  virtual_memory.cu.obj
  CUDA 11.1 Runtime1.vcxproj -> E:\CSC3150_Ass3\CUDA 11.1 Runtime1\x64\Debug\CUDA 11.1 Runtime1.exe
