[2023-08-19 05:00:04.550838] Try to get https://query1.finance.yahoo.com/v8/finance/chart/SPY?interval=1d&period1=1692317280&period2=1692403680
[2023-08-19 05:00:04.796825] Try to parse data...
[2023-08-19 05:00:04.797372] Data ready: 'SPY US Equity', '2023-08-18', '433.37', '437.57', '433.01', '436.5'
[2023-08-19 05:00:04.816696] Insert data: INSERT INTO his_global.index_eod_prices (symbol, trade_date, open, high, low, close) VALUES('SPY US Equity', '2023-08-18', '433.37', '437.57', '433.01', '436.5')
[2023-08-19 05:00:04.854094] Success!
[2023-08-19 05:00:04.854381] Try to get https://query1.finance.yahoo.com/v8/finance/chart/QQQ?interval=1d&period1=1692317280&period2=1692403680
[2023-08-19 05:00:05.044374] Try to parse data...
[2023-08-19 05:00:05.045052] Data ready: 'QQQ US Equity', '2023-08-18', '355.26', '359.41', '354.71', '358.13'
[2023-08-19 05:00:05.049199] Insert data: INSERT INTO his_global.index_eod_prices (symbol, trade_date, open, high, low, close) VALUES('QQQ US Equity', '2023-08-18', '355.26', '359.41', '354.71', '358.13')
[2023-08-19 05:00:05.057769] Success!
[2023-08-19 05:00:05.058035] Try to get https://query1.finance.yahoo.com/v8/finance/chart/DIA?interval=1d&period1=1692317280&period2=1692403680
[2023-08-19 05:00:05.252631] Try to parse data...
[2023-08-19 05:00:05.253148] Data ready: 'DIA US Equity', '2023-08-18', '342.95', '345.91', '342.68', '345.12'
[2023-08-19 05:00:05.256138] Insert data: INSERT INTO his_global.index_eod_prices (symbol, trade_date, open, high, low, close) VALUES('DIA US Equity', '2023-08-18', '342.95', '345.91', '342.68', '345.12')
[2023-08-19 05:00:05.263667] Success!
[2023-08-22 05:00:03.881259] Try to get https://query1.finance.yahoo.com/v8/finance/chart/SPY?interval=1d&period1=1692576480&period2=1692662880
[2023-08-22 05:00:04.104562] Try to parse data...
[2023-08-22 05:00:04.105211] Data ready: 'SPY US Equity', '2023-08-21', '437.55', '440.11', '435.32', '439.34'
[2023-08-22 05:00:04.113875] Insert data: INSERT INTO his_global.index_eod_prices (symbol, trade_date, open, high, low, close) VALUES('SPY US Equity', '2023-08-21', '437.55', '440.11', '435.32', '439.34')
[2023-08-22 05:00:04.147863] Success!
[2023-08-22 05:00:04.148125] Try to get https://query1.finance.yahoo.com/v8/finance/chart/QQQ?interval=1d&period1=1692576480&period2=1692662880
[2023-08-22 05:00:04.342382] Try to parse data...
[2023-08-22 05:00:04.342996] Data ready: 'QQQ US Equity', '2023-08-21', '359.62', '364.59', '359.15', '363.9'
[2023-08-22 05:00:04.346356] Insert data: INSERT INTO his_global.index_eod_prices (symbol, trade_date, open, high, low, close) VALUES('QQQ US Equity', '2023-08-21', '359.62', '364.59', '359.15', '363.9')
[2023-08-22 05:00:04.354517] Success!
[2023-08-22 05:00:04.354770] Try to get https://query1.finance.yahoo.com/v8/finance/chart/DIA?interval=1d&period1=1692576480&period2=1692662880
[2023-08-22 05:00:04.548599] Try to parse data...
[2023-08-22 05:00:04.549168] Data ready: 'DIA US Equity', '2023-08-21', '345.3', '345.72', '342.49', '344.67'
[2023-08-22 05:00:04.552416] Insert data: INSERT INTO his_global.index_eod_prices (symbol, trade_date, open, high, low, close) VALUES('DIA US Equity', '2023-08-21', '345.3', '345.72', '342.49', '344.67')
[2023-08-22 05:00:04.559363] Success!
