  
  E:\CSC3150_Ass3\CUDA 11.1 Runtime2>"C:\Program Files\NVIDIA GPU Computing Toolkit\CUDA\v11.1\bin\nvcc.exe" -dlink -o "x64\Debug\CUDA 11.1 Runtime2.device-link.obj" -Xcompiler "/EHsc /W3 /nologo /Od /Fdx64\Debug\vc142.pdb /Zi /RTC1 /MDd " -L"C:\Program Files\NVIDIA GPU Computing Toolkit\CUDA\v11.1\bin/crt" -L"C:\Program Files\NVIDIA GPU Computing Toolkit\CUDA\v11.1\lib\x64" cudart_static.lib kernel32.lib user32.lib gdi32.lib winspool.lib comdlg32.lib advapi32.lib shell32.lib ole32.lib oleaut32.lib uuid.lib odbc32.lib odbccp32.lib cudart.lib cudadevrt.lib  -gencode=arch=compute_52,code=sm_52 -G --machine 64 x64\Debug\main.cu.obj x64\Debug\user_program.cu.obj x64\Debug\virtual_memory.cu.obj 
  cudart_static.lib
  kernel32.lib
  user32.lib
  gdi32.lib
  winspool.lib
  comdlg32.lib
  advapi32.lib
  shell32.lib
  ole32.lib
  oleaut32.lib
  uuid.lib
  odbc32.lib
  odbccp32.lib
  cudart.lib
  cudadevrt.lib
  main.cu.obj
  user_program.cu.obj
  virtual_memory.cu.obj
  CUDA 11.1 Runtime2.vcxproj -> E:\CSC3150_Ass3\CUDA 11.1 Runtime2\x64\Debug\CUDA 11.1 Runtime2.exe
